---------------------------------------------------------------
[ 2019-04-09T09:21:19+08:00 ] 127.0.0.1 GET m.com/admin
[运行时间：0.046800s] [吞吐率：21.37req/s] [内存消耗：1,453.32kb] [文件加载：42]
[ info ] [ LANG ] D:\aaaweb\shop\thinkphp\lang\zh-cn.php
[ info ] [ ROUTE ] array (
  'type' => 'module',
  'module' => 
  array (
    0 => 'admin',
    1 => NULL,
    2 => NULL,
  ),
)
[ info ] [ HEADER ] array (
  'upgrade-insecure-requests' => '1',
  'cookie' => 'pgv_pvi=9741248512',
  'connection' => 'close',
  'accept-encoding' => 'gzip, deflate',
  'accept-language' => 'zh-CN,zh;q=0.8,zh-TW;q=0.7,zh-HK;q=0.5,en-US;q=0.3,en;q=0.2',
  'accept' => 'text/html,application/xhtml+xml,application/xml;q=0.9,*/*;q=0.8',
  'user-agent' => 'Mozilla/5.0 (Windows NT 6.1; Win64; x64; rv:66.0) Gecko/20100101 Firefox/66.0',
  'host' => 'm.com',
)
[ info ] [ PARAM ] array (
  '/admin' => '',
)
[ info ] [ RUN ] app\admin\controller\Index->index[ D:\aaaweb\shop\application\admin\controller\Index.php ]
[ info ] [ VIEW ] D:\aaaweb\shop\public/../application/admin\view\index\index.html [ array (
) ]
[ info ] [ LOG ] INIT File
---------------------------------------------------------------
[ 2019-04-09T09:21:19+08:00 ] 127.0.0.1 GET m.com/static/admin/fonts/fontawesome-webfont.woff2?v=4.3.0
[运行时间：0.026000s] [吞吐率：38.46req/s] [内存消耗：1,112.53kb] [文件加载：35]
[ info ] [ LANG ] D:\aaaweb\shop\thinkphp\lang\zh-cn.php
[ info ] [ ROUTE ] array (
  'type' => 'module',
  'module' => 
  array (
    0 => 'static',
    1 => 'admin',
    2 => 'fonts',
  ),
)
[ info ] [ HEADER ] array (
  'cookie' => 'pgv_pvi=9741248512',
  'connection' => 'close',
  'referer' => 'http://m.com/static/admin/css/font-awesome.css',
  'accept-encoding' => 'identity',
  'accept-language' => 'zh-CN,zh;q=0.8,zh-TW;q=0.7,zh-HK;q=0.5,en-US;q=0.3,en;q=0.2',
  'accept' => 'application/font-woff2;q=1.0,application/font-woff;q=0.9,*/*;q=0.8',
  'user-agent' => 'Mozilla/5.0 (Windows NT 6.1; Win64; x64; rv:66.0) Gecko/20100101 Firefox/66.0',
  'host' => 'm.com',
)
[ info ] [ PARAM ] array (
  '/static/admin/fonts/fontawesome-webfont_woff2' => '',
  'v' => '4.3.0',
)
[ info ] [ LOG ] INIT File
---------------------------------------------------------------
[ 2019-04-09T09:21:24+08:00 ] 127.0.0.1 GET m.com/admin/user/logout.html
[运行时间：0.015600s] [吞吐率：64.10req/s] [内存消耗：1,120.17kb] [文件加载：36]
[ info ] [ LANG ] D:\aaaweb\shop\thinkphp\lang\zh-cn.php
[ info ] [ ROUTE ] array (
  'type' => 'module',
  'module' => 
  array (
    0 => 'admin',
    1 => 'user',
    2 => 'logout',
  ),
)
[ info ] [ HEADER ] array (
  'upgrade-insecure-requests' => '1',
  'cookie' => 'pgv_pvi=9741248512',
  'connection' => 'close',
  'referer' => 'http://m.com/admin',
  'accept-encoding' => 'gzip, deflate',
  'accept-language' => 'zh-CN,zh;q=0.8,zh-TW;q=0.7,zh-HK;q=0.5,en-US;q=0.3,en;q=0.2',
  'accept' => 'text/html,application/xhtml+xml,application/xml;q=0.9,*/*;q=0.8',
  'user-agent' => 'Mozilla/5.0 (Windows NT 6.1; Win64; x64; rv:66.0) Gecko/20100101 Firefox/66.0',
  'host' => 'm.com',
)
[ info ] [ PARAM ] array (
  '/admin/user/logout_html' => '',
)
[ info ] [ LOG ] INIT File
---------------------------------------------------------------
[ 2019-04-09T09:21:30+08:00 ] 127.0.0.1 GET m.com/admin
[运行时间：0.031200s] [吞吐率：32.05req/s] [内存消耗：1,326.46kb] [文件加载：40]
[ info ] [ LANG ] D:\aaaweb\shop\thinkphp\lang\zh-cn.php
[ info ] [ ROUTE ] array (
  'type' => 'module',
  'module' => 
  array (
    0 => 'admin',
    1 => NULL,
    2 => NULL,
  ),
)
[ info ] [ HEADER ] array (
  'upgrade-insecure-requests' => '1',
  'cookie' => 'pgv_pvi=9741248512',
  'connection' => 'close',
  'accept-encoding' => 'gzip, deflate',
  'accept-language' => 'zh-CN,zh;q=0.8,zh-TW;q=0.7,zh-HK;q=0.5,en-US;q=0.3,en;q=0.2',
  'accept' => 'text/html,application/xhtml+xml,application/xml;q=0.9,*/*;q=0.8',
  'user-agent' => 'Mozilla/5.0 (Windows NT 6.1; Win64; x64; rv:66.0) Gecko/20100101 Firefox/66.0',
  'host' => 'm.com',
)
[ info ] [ PARAM ] array (
  '/admin' => '',
)
[ info ] [ RUN ] app\admin\controller\Index->index[ D:\aaaweb\shop\application\admin\controller\Index.php ]
[ info ] [ VIEW ] D:\aaaweb\shop\public/../application/admin\view\index\index.html [ array (
) ]
[ info ] [ LOG ] INIT File
---------------------------------------------------------------
[ 2019-04-09T09:21:30+08:00 ] 127.0.0.1 GET m.com/static/admin/fonts/fontawesome-webfont.woff2?v=4.3.0
[运行时间：0.015600s] [吞吐率：64.10req/s] [内存消耗：1,112.53kb] [文件加载：35]
[ info ] [ LANG ] D:\aaaweb\shop\thinkphp\lang\zh-cn.php
[ info ] [ ROUTE ] array (
  'type' => 'module',
  'module' => 
  array (
    0 => 'static',
    1 => 'admin',
    2 => 'fonts',
  ),
)
[ info ] [ HEADER ] array (
  'cookie' => 'pgv_pvi=9741248512',
  'connection' => 'close',
  'referer' => 'http://m.com/static/admin/css/font-awesome.css',
  'accept-encoding' => 'identity',
  'accept-language' => 'zh-CN,zh;q=0.8,zh-TW;q=0.7,zh-HK;q=0.5,en-US;q=0.3,en;q=0.2',
  'accept' => 'application/font-woff2;q=1.0,application/font-woff;q=0.9,*/*;q=0.8',
  'user-agent' => 'Mozilla/5.0 (Windows NT 6.1; Win64; x64; rv:66.0) Gecko/20100101 Firefox/66.0',
  'host' => 'm.com',
)
[ info ] [ PARAM ] array (
  '/static/admin/fonts/fontawesome-webfont_woff2' => '',
  'v' => '4.3.0',
)
[ info ] [ LOG ] INIT File
---------------------------------------------------------------
[ 2019-04-09T09:21:34+08:00 ] 127.0.0.1 GET m.com/admin/user/logout.html
[运行时间：0.015600s] [吞吐率：64.10req/s] [内存消耗：1,120.17kb] [文件加载：36]
[ info ] [ LANG ] D:\aaaweb\shop\thinkphp\lang\zh-cn.php
[ info ] [ ROUTE ] array (
  'type' => 'module',
  'module' => 
  array (
    0 => 'admin',
    1 => 'user',
    2 => 'logout',
  ),
)
[ info ] [ HEADER ] array (
  'upgrade-insecure-requests' => '1',
  'cookie' => 'pgv_pvi=9741248512',
  'connection' => 'close',
  'referer' => 'http://m.com/admin',
  'accept-encoding' => 'gzip, deflate',
  'accept-language' => 'zh-CN,zh;q=0.8,zh-TW;q=0.7,zh-HK;q=0.5,en-US;q=0.3,en;q=0.2',
  'accept' => 'text/html,application/xhtml+xml,application/xml;q=0.9,*/*;q=0.8',
  'user-agent' => 'Mozilla/5.0 (Windows NT 6.1; Win64; x64; rv:66.0) Gecko/20100101 Firefox/66.0',
  'host' => 'm.com',
)
[ info ] [ PARAM ] array (
  '/admin/user/logout_html' => '',
)
[ info ] [ LOG ] INIT File
---------------------------------------------------------------
[ 2019-04-09T09:21:40+08:00 ] 127.0.0.1 GET m.com/admin/login
[运行时间：0.031200s] [吞吐率：32.05req/s] [内存消耗：1,119.68kb] [文件加载：36]
[ info ] [ LANG ] D:\aaaweb\shop\thinkphp\lang\zh-cn.php
[ info ] [ ROUTE ] array (
  'type' => 'module',
  'module' => 
  array (
    0 => 'admin',
    1 => 'login',
    2 => NULL,
  ),
)
[ info ] [ HEADER ] array (
  'upgrade-insecure-requests' => '1',
  'cookie' => 'pgv_pvi=9741248512',
  'connection' => 'close',
  'accept-encoding' => 'gzip, deflate',
  'accept-language' => 'zh-CN,zh;q=0.8,zh-TW;q=0.7,zh-HK;q=0.5,en-US;q=0.3,en;q=0.2',
  'accept' => 'text/html,application/xhtml+xml,application/xml;q=0.9,*/*;q=0.8',
  'user-agent' => 'Mozilla/5.0 (Windows NT 6.1; Win64; x64; rv:66.0) Gecko/20100101 Firefox/66.0',
  'host' => 'm.com',
)
[ info ] [ PARAM ] array (
  '/admin/login' => '',
)
[ info ] [ LOG ] INIT File
---------------------------------------------------------------
[ 2019-04-09T09:21:51+08:00 ] 127.0.0.1 GET m.com/apadmin
[运行时间：0.031200s] [吞吐率：32.05req/s] [内存消耗：1,111.78kb] [文件加载：35]
[ info ] [ LANG ] D:\aaaweb\shop\thinkphp\lang\zh-cn.php
[ info ] [ ROUTE ] array (
  'type' => 'module',
  'module' => 
  array (
    0 => 'apadmin',
    1 => NULL,
    2 => NULL,
  ),
)
[ info ] [ HEADER ] array (
  'upgrade-insecure-requests' => '1',
  'cookie' => 'pgv_pvi=9741248512',
  'connection' => 'close',
  'accept-encoding' => 'gzip, deflate',
  'accept-language' => 'zh-CN,zh;q=0.8,zh-TW;q=0.7,zh-HK;q=0.5,en-US;q=0.3,en;q=0.2',
  'accept' => 'text/html,application/xhtml+xml,application/xml;q=0.9,*/*;q=0.8',
  'user-agent' => 'Mozilla/5.0 (Windows NT 6.1; Win64; x64; rv:66.0) Gecko/20100101 Firefox/66.0',
  'host' => 'm.com',
)
[ info ] [ PARAM ] array (
  '/apadmin' => '',
)
[ info ] [ LOG ] INIT File
---------------------------------------------------------------
[ 2019-04-09T09:21:59+08:00 ] 127.0.0.1 GET m.com/
[运行时间：0.015600s] [吞吐率：64.10req/s] [内存消耗：1,081.90kb] [文件加载：33]
[ info ] [ LANG ] D:\aaaweb\shop\thinkphp\lang\zh-cn.php
[ info ] [ ROUTE ] array (
  'type' => 'module',
  'module' => 
  array (
    0 => '',
    1 => NULL,
    2 => NULL,
  ),
)
[ info ] [ HEADER ] array (
  'upgrade-insecure-requests' => '1',
  'cookie' => 'pgv_pvi=9741248512',
  'connection' => 'close',
  'accept-encoding' => 'gzip, deflate',
  'accept-language' => 'zh-CN,zh;q=0.8,zh-TW;q=0.7,zh-HK;q=0.5,en-US;q=0.3,en;q=0.2',
  'accept' => 'text/html,application/xhtml+xml,application/xml;q=0.9,*/*;q=0.8',
  'user-agent' => 'Mozilla/5.0 (Windows NT 6.1; Win64; x64; rv:66.0) Gecko/20100101 Firefox/66.0',
  'host' => 'm.com',
)
[ info ] [ PARAM ] array (
)
[ info ] [ RUN ] app\index\controller\Index->index[ D:\aaaweb\shop\application\index\controller\Index.php ]
[ info ] [ LOG ] INIT File
