---------------------------------------------------------------
[ 2019-05-26T01:29:21+08:00 ] 127.0.0.1 POST shop.com/index/shopcate/getshopcateinfo.html
[运行时间：0.294989s] [吞吐率：3.39req/s] [内存消耗：2,617.38kb] [文件加载：56]
[ info ] [ LANG ] D:\aaaweb\shop\thinkphp\lang\zh-cn.php
[ info ] [ ROUTE ] array (
  'type' => 'module',
  'module' => 
  array (
    0 => 'index',
    1 => 'shopcate',
    2 => 'getshopcateinfo',
  ),
)
[ info ] [ HEADER ] array (
  'connection' => 'close',
  'content-length' => '4',
  'x-requested-with' => 'XMLHttpRequest',
  'content-type' => 'application/x-www-form-urlencoded; charset=UTF-8',
  'referer' => 'http://shop.com/',
  'accept-encoding' => 'gzip, deflate',
  'accept-language' => 'zh-CN,zh;q=0.8,zh-TW;q=0.7,zh-HK;q=0.5,en-US;q=0.3,en;q=0.2',
  'accept' => 'application/json, text/javascript, */*; q=0.01',
  'user-agent' => 'Mozilla/5.0 (Windows NT 10.0; Win64; x64; rv:67.0) Gecko/20100101 Firefox/67.0',
  'host' => 'shop.com',
)
[ info ] [ PARAM ] array (
  '/index/shopcate/getshopcateinfo_html' => '',
  'id' => '1',
)
[ info ] [ DB ] INIT mysql
[ info ] [ RUN ] app\index\controller\Shopcate->getShopcateinfo[ D:\aaaweb\shop\application\index\controller\Shopcate.php ]
[ info ] [ LOG ] INIT File
[ sql ] [ DB ] CONNECT:[ UseTime:0.003260s ] mysql:host=127.0.0.1;dbname=tpshop;charset=utf8
[ sql ] [ SQL ] SHOW COLUMNS FROM `tp_cate` [ RunTime:0.022928s ]
[ sql ] [ SQL ] SELECT * FROM `tp_cate` WHERE  `cate_type` = 3 [ RunTime:0.000865s ]
[ sql ] [ SQL ] SHOW COLUMNS FROM `tp_article` [ RunTime:0.021512s ]
[ sql ] [ SQL ] SELECT * FROM `tp_article` WHERE  `ar_cateid` = 3 [ RunTime:0.001009s ]
[ sql ] [ SQL ] SELECT * FROM `tp_article` WHERE  `ar_cateid` = 4 [ RunTime:0.000842s ]
[ sql ] [ SQL ] SELECT * FROM `tp_article` WHERE  `ar_cateid` = 5 [ RunTime:0.000673s ]
[ sql ] [ SQL ] SELECT * FROM `tp_article` WHERE  `ar_cateid` = 10 [ RunTime:0.000700s ]
[ sql ] [ SQL ] SELECT * FROM `tp_article` WHERE  `ar_cateid` = 11 [ RunTime:0.000685s ]
[ sql ] [ SQL ] SELECT `ar_id`,`ar_url`,`ar_title` FROM `tp_article` WHERE  `ar_cateid` = 24 [ RunTime:0.000587s ]
[ sql ] [ SQL ] SHOW COLUMNS FROM `tp_nav` [ RunTime:0.012720s ]
[ sql ] [ SQL ] SELECT * FROM `tp_nav` [ RunTime:0.000674s ]
[ sql ] [ SQL ] SHOW COLUMNS FROM `tp_conf` [ RunTime:0.012587s ]
[ sql ] [ SQL ] SELECT `conf_ename`,`conf_default` FROM `tp_conf` [ RunTime:0.000913s ]
[ sql ] [ SQL ] SHOW COLUMNS FROM `tp_shopcate` [ RunTime:0.031244s ]
[ sql ] [ SQL ] SELECT * FROM `tp_shopcate` WHERE  `shopcate_pid` = 0 [ RunTime:0.001044s ]
[ sql ] [ SQL ] SELECT * FROM `tp_shopcate` WHERE  `shopcate_pid` = 1 [ RunTime:0.000769s ]
[ sql ] [ SQL ] SELECT * FROM `tp_shopcate` WHERE  `shopcate_pid` = 2 [ RunTime:0.000751s ]
[ sql ] [ SQL ] SELECT * FROM `tp_shopcate` WHERE  `shopcate_pid` = 3 [ RunTime:0.000744s ]
[ sql ] [ SQL ] SELECT * FROM `tp_shopcate` WHERE  `shopcate_pid` = 4 [ RunTime:0.000752s ]
[ sql ] [ SQL ] SELECT * FROM `tp_shopcate` WHERE  `shopcate_pid` = 5 [ RunTime:0.000845s ]
[ sql ] [ SQL ] SELECT * FROM `tp_shopcate` WHERE  `shopcate_pid` = 6 [ RunTime:0.000882s ]
[ sql ] [ SQL ] SELECT * FROM `tp_shopcate` WHERE  `shopcate_pid` = 7 [ RunTime:0.000809s ]
[ sql ] [ SQL ] SELECT * FROM `tp_shopcate` WHERE  `shopcate_pid` = 1 [ RunTime:0.000899s ]
[ sql ] [ SQL ] SELECT * FROM `tp_shopcate` WHERE  `shopcate_pid` = 8 [ RunTime:0.000854s ]
[ sql ] [ SQL ] SELECT * FROM `tp_shopcate` WHERE  `shopcate_pid` = 9 [ RunTime:0.000796s ]
[ sql ] [ SQL ] SELECT * FROM `tp_shopcate` WHERE  `shopcate_pid` = 22 [ RunTime:0.000945s ]
[ sql ] [ SQL ] SELECT * FROM `tp_shopcate` WHERE  `shopcate_pid` = 23 [ RunTime:0.000803s ]
[ sql ] [ SQL ] SELECT * FROM `tp_shopcate` WHERE  `shopcate_pid` = 24 [ RunTime:0.000798s ]
[ sql ] [ SQL ] SHOW COLUMNS FROM `tp_shopcate_words` [ RunTime:0.013281s ]
[ sql ] [ SQL ] SELECT * FROM `tp_shopcate_words` WHERE  `cw_shopcateid` = 1 [ RunTime:0.001013s ]
[ sql ] [ SQL ] SELECT * FROM `tp_shopcate_words` WHERE  `cw_shopcateid` = 1 [ RunTime:0.000905s ]
[ sql ] [ SQL ] SELECT * FROM `tp_shopcate_words` WHERE  `cw_shopcateid` = 8 [ RunTime:0.000715s ]
[ sql ] [ SQL ] SELECT * FROM `tp_shopcate_words` WHERE  `cw_shopcateid` = 9 [ RunTime:0.000734s ]
[ sql ] [ SQL ] SELECT * FROM `tp_shopcate_words` WHERE  `cw_shopcateid` = 10 [ RunTime:0.000739s ]
[ sql ] [ SQL ] SELECT * FROM `tp_shopcate_words` WHERE  `cw_shopcateid` = 11 [ RunTime:0.000731s ]
[ sql ] [ SQL ] SELECT * FROM `tp_shopcate_words` WHERE  `cw_shopcateid` = 12 [ RunTime:0.000664s ]
[ sql ] [ SQL ] SHOW COLUMNS FROM `tp_shopcate_brand` [ RunTime:0.013575s ]
[ sql ] [ SQL ] SELECT * FROM `tp_shopcate_brand` WHERE  `cb_shopcateid` = 1 LIMIT 1 [ RunTime:0.001014s ]
[ sql ] [ SQL ] SHOW COLUMNS FROM `tp_brand` [ RunTime:0.013305s ]
[ sql ] [ SQL ] SELECT * FROM `tp_brand` WHERE  `brand_id` = 1 LIMIT 1 [ RunTime:0.001001s ]
[ sql ] [ SQL ] SELECT * FROM `tp_brand` WHERE  `brand_id` = 2 LIMIT 1 [ RunTime:0.000784s ]
[ sql ] [ SQL ] SELECT * FROM `tp_brand` WHERE  `brand_id` = 3 LIMIT 1 [ RunTime:0.000764s ]
[ sql ] [ SQL ] SELECT * FROM `tp_brand` WHERE  `brand_id` = 4 LIMIT 1 [ RunTime:0.000663s ]
[ sql ] [ SQL ] SELECT * FROM `tp_brand` WHERE  `brand_id` = 5 LIMIT 1 [ RunTime:0.000604s ]
[ sql ] [ SQL ] SELECT * FROM `tp_brand` WHERE  `brand_id` = 6 LIMIT 1 [ RunTime:0.000594s ]
[ sql ] [ SQL ] SELECT * FROM `tp_brand` WHERE  `brand_id` = 7 LIMIT 1 [ RunTime:0.000598s ]
[ sql ] [ SQL ] SELECT * FROM `tp_brand` WHERE  `brand_id` = 8 LIMIT 1 [ RunTime:0.000587s ]
[ sql ] [ SQL ] SELECT * FROM `tp_brand` WHERE  `brand_id` = 9 LIMIT 1 [ RunTime:0.000584s ]
[ sql ] [ SQL ] SELECT * FROM `tp_brand` WHERE  `brand_id` = 10 LIMIT 1 [ RunTime:0.000590s ]
[ sql ] [ SQL ] SELECT * FROM `tp_brand` WHERE  `brand_id` = 11 LIMIT 1 [ RunTime:0.000600s ]
[ sql ] [ SQL ] SELECT * FROM `tp_brand` WHERE  `brand_id` = 12 LIMIT 1 [ RunTime:0.000616s ]
[ sql ] [ SQL ] SELECT * FROM `tp_brand` WHERE  `brand_id` = 13 LIMIT 1 [ RunTime:0.000604s ]
[ sql ] [ SQL ] SELECT * FROM `tp_brand` WHERE  `brand_id` = 14 LIMIT 1 [ RunTime:0.000596s ]
[ sql ] [ SQL ] SELECT * FROM `tp_brand` WHERE  `brand_id` = 15 LIMIT 1 [ RunTime:0.000593s ]
[ sql ] [ SQL ] SELECT * FROM `tp_brand` WHERE  `brand_id` = 16 LIMIT 1 [ RunTime:0.000600s ]
[ sql ] [ SQL ] SELECT * FROM `tp_brand` WHERE  `brand_id` = 17 LIMIT 1 [ RunTime:0.000605s ]
[ sql ] [ SQL ] SELECT * FROM `tp_brand` WHERE  `brand_id` = 18 LIMIT 1 [ RunTime:0.000591s ]
[ sql ] [ SQL ] SELECT * FROM `tp_brand` WHERE  `brand_id` = 19 LIMIT 1 [ RunTime:0.000592s ]
[ sql ] [ SQL ] SELECT * FROM `tp_brand` WHERE  `brand_id` = 20 LIMIT 1 [ RunTime:0.000593s ]
---------------------------------------------------------------
[ 2019-05-26T01:57:02+08:00 ] 127.0.0.1 GET shop.com/admin/cate/lst.html
[运行时间：0.103732s] [吞吐率：9.64req/s] [内存消耗：2,288.55kb] [文件加载：52]
[ info ] [ LANG ] D:\aaaweb\shop\thinkphp\lang\zh-cn.php
[ info ] [ ROUTE ] array (
  'type' => 'module',
  'module' => 
  array (
    0 => 'admin',
    1 => 'cate',
    2 => 'lst',
  ),
)
[ info ] [ HEADER ] array (
  'upgrade-insecure-requests' => '1',
  'connection' => 'close',
  'referer' => 'http://shop.com/admin/shopcate/add.html',
  'accept-encoding' => 'gzip, deflate',
  'accept-language' => 'zh-CN,zh;q=0.8,zh-TW;q=0.7,zh-HK;q=0.5,en-US;q=0.3,en;q=0.2',
  'accept' => 'text/html,application/xhtml+xml,application/xml;q=0.9,*/*;q=0.8',
  'user-agent' => 'Mozilla/5.0 (Windows NT 10.0; Win64; x64; rv:67.0) Gecko/20100101 Firefox/67.0',
  'host' => 'shop.com',
)
[ info ] [ PARAM ] array (
  '/admin/cate/lst_html' => '',
)
[ info ] [ RUN ] app\admin\controller\Cate->lst[ D:\aaaweb\shop\application\admin\controller\Cate.php ]
[ info ] [ DB ] INIT mysql
[ info ] [ VIEW ] D:\aaaweb\shop\public/../application/admin\view\cate\lst.html [ array (
  0 => 'catelist',
) ]
[ info ] [ LOG ] INIT File
[ sql ] [ DB ] CONNECT:[ UseTime:0.002952s ] mysql:host=127.0.0.1;dbname=tpshop;charset=utf8
[ sql ] [ SQL ] SHOW COLUMNS FROM `tp_cate` [ RunTime:0.020317s ]
[ sql ] [ SQL ] SELECT * FROM `tp_cate` ORDER BY `cate_sort` ASC [ RunTime:0.000875s ]
---------------------------------------------------------------
[ 2019-05-26T01:57:02+08:00 ] 127.0.0.1 GET shop.com/static/admin/fonts/fontawesome-webfont.woff2?v=4.3.0
[运行时间：0.044589s] [吞吐率：22.43req/s] [内存消耗：1,112.34kb] [文件加载：35]
[ info ] [ LANG ] D:\aaaweb\shop\thinkphp\lang\zh-cn.php
[ info ] [ ROUTE ] array (
  'type' => 'module',
  'module' => 
  array (
    0 => 'static',
    1 => 'admin',
    2 => 'fonts',
  ),
)
[ info ] [ HEADER ] array (
  'connection' => 'close',
  'referer' => 'http://shop.com/static/admin/css/font-awesome.css',
  'accept-encoding' => 'identity',
  'accept-language' => 'zh-CN,zh;q=0.8,zh-TW;q=0.7,zh-HK;q=0.5,en-US;q=0.3,en;q=0.2',
  'accept' => 'application/font-woff2;q=1.0,application/font-woff;q=0.9,*/*;q=0.8',
  'user-agent' => 'Mozilla/5.0 (Windows NT 10.0; Win64; x64; rv:67.0) Gecko/20100101 Firefox/67.0',
  'host' => 'shop.com',
)
[ info ] [ PARAM ] array (
  '/static/admin/fonts/fontawesome-webfont_woff2' => '',
  'v' => '4.3.0',
)
[ info ] [ LOG ] INIT File
---------------------------------------------------------------
[ 2019-05-26T01:57:33+08:00 ] 127.0.0.1 GET shop.com/admin/goods/lst.html
[运行时间：0.103128s] [吞吐率：9.70req/s] [内存消耗：2,219.09kb] [文件加载：53]
[ info ] [ LANG ] D:\aaaweb\shop\thinkphp\lang\zh-cn.php
[ info ] [ ROUTE ] array (
  'type' => 'module',
  'module' => 
  array (
    0 => 'admin',
    1 => 'goods',
    2 => 'lst',
  ),
)
[ info ] [ HEADER ] array (
  'upgrade-insecure-requests' => '1',
  'connection' => 'close',
  'referer' => 'http://shop.com/admin/cate/lst.html',
  'accept-encoding' => 'gzip, deflate',
  'accept-language' => 'zh-CN,zh;q=0.8,zh-TW;q=0.7,zh-HK;q=0.5,en-US;q=0.3,en;q=0.2',
  'accept' => 'text/html,application/xhtml+xml,application/xml;q=0.9,*/*;q=0.8',
  'user-agent' => 'Mozilla/5.0 (Windows NT 10.0; Win64; x64; rv:67.0) Gecko/20100101 Firefox/67.0',
  'host' => 'shop.com',
)
[ info ] [ PARAM ] array (
  '/admin/goods/lst_html' => '',
)
[ info ] [ RUN ] app\admin\controller\Goods->lst[ D:\aaaweb\shop\application\admin\controller\Goods.php ]
[ info ] [ DB ] INIT mysql
[ info ] [ VIEW ] D:\aaaweb\shop\public/../application/admin\view\goods\lst.html [ array (
  0 => 'goodslist',
) ]
[ info ] [ LOG ] INIT File
[ sql ] [ DB ] CONNECT:[ UseTime:0.010748s ] mysql:host=127.0.0.1;dbname=tpshop;charset=utf8
[ sql ] [ SQL ] SHOW COLUMNS FROM `tp_goods` [ RunTime:0.012162s ]
[ sql ] [ SQL ] SELECT COUNT(*) AS tp_count FROM ( SELECT count(*) FROM `tp_goods` `g` INNER JOIN `tp_shopcate` `c` ON `g`.`gs_shopcateid`=`c`.`shopcate_id` LEFT JOIN `tp_brand` `b` ON `g`.`gs_brandid`=`b`.`brand_id` LEFT JOIN `tp_type` `t` ON `g`.`gs_typeid`=`t`.`type_id` LEFT JOIN `tp_product` `p` ON `g`.`gs_id`=`p`.`prod_goods_id` GROUP BY `g`.`gs_id` ) `_group_count_` LIMIT 1 [ RunTime:0.005304s ]
[ sql ] [ SQL ] SELECT g.*,c.shopcate_name,b.brand_name,t.type_name,SUM(p.prod_goods_num) gn FROM `tp_goods` `g` INNER JOIN `tp_shopcate` `c` ON `g`.`gs_shopcateid`=`c`.`shopcate_id` LEFT JOIN `tp_brand` `b` ON `g`.`gs_brandid`=`b`.`brand_id` LEFT JOIN `tp_type` `t` ON `g`.`gs_typeid`=`t`.`type_id` LEFT JOIN `tp_product` `p` ON `g`.`gs_id`=`p`.`prod_goods_id` GROUP BY `g`.`gs_id` ORDER BY `g`.`gs_id` DESC LIMIT 0,15 [ RunTime:0.007347s ]
---------------------------------------------------------------
[ 2019-05-26T01:57:34+08:00 ] 127.0.0.1 GET shop.com/static/admin/fonts/fontawesome-webfont.woff2?v=4.3.0
[运行时间：0.036535s] [吞吐率：27.37req/s] [内存消耗：1,112.34kb] [文件加载：35]
[ info ] [ LANG ] D:\aaaweb\shop\thinkphp\lang\zh-cn.php
[ info ] [ ROUTE ] array (
  'type' => 'module',
  'module' => 
  array (
    0 => 'static',
    1 => 'admin',
    2 => 'fonts',
  ),
)
[ info ] [ HEADER ] array (
  'connection' => 'close',
  'referer' => 'http://shop.com/static/admin/css/font-awesome.css',
  'accept-encoding' => 'identity',
  'accept-language' => 'zh-CN,zh;q=0.8,zh-TW;q=0.7,zh-HK;q=0.5,en-US;q=0.3,en;q=0.2',
  'accept' => 'application/font-woff2;q=1.0,application/font-woff;q=0.9,*/*;q=0.8',
  'user-agent' => 'Mozilla/5.0 (Windows NT 10.0; Win64; x64; rv:67.0) Gecko/20100101 Firefox/67.0',
  'host' => 'shop.com',
)
[ info ] [ PARAM ] array (
  '/static/admin/fonts/fontawesome-webfont_woff2' => '',
  'v' => '4.3.0',
)
[ info ] [ LOG ] INIT File
---------------------------------------------------------------
[ 2019-05-26T01:57:52+08:00 ] 127.0.0.1 GET shop.com/admin/goods/edit/gs_id/60.html
[运行时间：0.299344s] [吞吐率：3.34req/s] [内存消耗：2,836.42kb] [文件加载：50]
[ info ] [ LANG ] D:\aaaweb\shop\thinkphp\lang\zh-cn.php
[ info ] [ ROUTE ] array (
  'type' => 'module',
  'module' => 
  array (
    0 => 'admin',
    1 => 'goods',
    2 => 'edit',
  ),
)
[ info ] [ HEADER ] array (
  'upgrade-insecure-requests' => '1',
  'connection' => 'close',
  'referer' => 'http://shop.com/admin/goods/lst.html',
  'accept-encoding' => 'gzip, deflate',
  'accept-language' => 'zh-CN,zh;q=0.8,zh-TW;q=0.7,zh-HK;q=0.5,en-US;q=0.3,en;q=0.2',
  'accept' => 'text/html,application/xhtml+xml,application/xml;q=0.9,*/*;q=0.8',
  'user-agent' => 'Mozilla/5.0 (Windows NT 10.0; Win64; x64; rv:67.0) Gecko/20100101 Firefox/67.0',
  'host' => 'shop.com',
)
[ info ] [ PARAM ] array (
  '/admin/goods/edit/gs_id/60_html' => '',
  'gs_id' => '60',
)
[ info ] [ RUN ] app\admin\controller\Goods->edit[ D:\aaaweb\shop\application\admin\controller\Goods.php ]
[ info ] [ DB ] INIT mysql
[ info ] [ VIEW ] D:\aaaweb\shop\public/../application/admin\view\goods\edit.html [ array (
  0 => 'mlRes',
  1 => 'typeRes',
  2 => 'shopcateRes',
  3 => 'brandRes',
  4 => 'gsedit',
  5 => 'mledit',
  6 => 'gphotos',
  7 => 'attredit',
  8 => 'gsattredit',
  9 => 'shopGoodsRecpos',
  10 => 'sGoodsRecpos',
) ]
[ info ] [ LOG ] INIT File
[ sql ] [ DB ] CONNECT:[ UseTime:0.012021s ] mysql:host=127.0.0.1;dbname=tpshop;charset=utf8
[ sql ] [ SQL ] SHOW COLUMNS FROM `tp_member_level` [ RunTime:0.021337s ]
[ sql ] [ SQL ] SELECT `level_id`,`level_name` FROM `tp_member_level` [ RunTime:0.000849s ]
[ sql ] [ SQL ] SHOW COLUMNS FROM `tp_type` [ RunTime:0.016935s ]
[ sql ] [ SQL ] SELECT * FROM `tp_type` [ RunTime:0.000760s ]
[ sql ] [ SQL ] SHOW COLUMNS FROM `tp_shopcate` [ RunTime:0.010506s ]
[ sql ] [ SQL ] SELECT * FROM `tp_shopcate` [ RunTime:0.002021s ]
[ sql ] [ SQL ] SHOW COLUMNS FROM `tp_brand` [ RunTime:0.017596s ]
[ sql ] [ SQL ] SELECT `brand_id`,`brand_name` FROM `tp_brand` [ RunTime:0.000687s ]
[ sql ] [ SQL ] SHOW COLUMNS FROM `tp_goods` [ RunTime:0.012589s ]
[ sql ] [ SQL ] SELECT * FROM `tp_goods` WHERE  `gs_id` = 60 LIMIT 1 [ RunTime:0.000712s ]
[ sql ] [ SQL ] SHOW COLUMNS FROM `tp_attr` [ RunTime:0.012464s ]
[ sql ] [ SQL ] SELECT * FROM `tp_attr` WHERE  `attr_typeid` = 0 [ RunTime:0.000415s ]
[ sql ] [ SQL ] SHOW COLUMNS FROM `tp_goods_attr` [ RunTime:0.010916s ]
[ sql ] [ SQL ] SELECT * FROM `tp_goods_attr` WHERE  `gsattr_goodsid` = 60 [ RunTime:0.000828s ]
[ sql ] [ SQL ] SHOW COLUMNS FROM `tp_member_price` [ RunTime:0.015749s ]
[ sql ] [ SQL ] SELECT * FROM `tp_member_price` WHERE  `price_goodsid` = 60 [ RunTime:0.000634s ]
[ sql ] [ SQL ] SHOW COLUMNS FROM `tp_goods_img` [ RunTime:0.011172s ]
[ sql ] [ SQL ] SELECT * FROM `tp_goods_img` WHERE  `img_goodsid` = 60 [ RunTime:0.000675s ]
[ sql ] [ SQL ] SHOW COLUMNS FROM `tp_recpos` [ RunTime:0.010698s ]
[ sql ] [ SQL ] SELECT * FROM `tp_recpos` WHERE  `rec_type` = 1 [ RunTime:0.000611s ]
[ sql ] [ SQL ] SHOW COLUMNS FROM `tp_recpos_item` [ RunTime:0.010646s ]
[ sql ] [ SQL ] SELECT * FROM `tp_recpos_item` WHERE  `value_type` = 1  AND `value_id` = 60 [ RunTime:0.000639s ]
---------------------------------------------------------------
[ 2019-05-26T01:57:52+08:00 ] 127.0.0.1 GET shop.com/static/admin/fonts/fontawesome-webfont.woff2?v=4.3.0
[运行时间：0.038133s] [吞吐率：26.22req/s] [内存消耗：1,112.34kb] [文件加载：35]
[ info ] [ LANG ] D:\aaaweb\shop\thinkphp\lang\zh-cn.php
[ info ] [ ROUTE ] array (
  'type' => 'module',
  'module' => 
  array (
    0 => 'static',
    1 => 'admin',
    2 => 'fonts',
  ),
)
[ info ] [ HEADER ] array (
  'connection' => 'close',
  'referer' => 'http://shop.com/static/admin/css/font-awesome.css',
  'accept-encoding' => 'identity',
  'accept-language' => 'zh-CN,zh;q=0.8,zh-TW;q=0.7,zh-HK;q=0.5,en-US;q=0.3,en;q=0.2',
  'accept' => 'application/font-woff2;q=1.0,application/font-woff;q=0.9,*/*;q=0.8',
  'user-agent' => 'Mozilla/5.0 (Windows NT 10.0; Win64; x64; rv:67.0) Gecko/20100101 Firefox/67.0',
  'host' => 'shop.com',
)
[ info ] [ PARAM ] array (
  '/static/admin/fonts/fontawesome-webfont_woff2' => '',
  'v' => '4.3.0',
)
[ info ] [ LOG ] INIT File
---------------------------------------------------------------
[ 2019-05-26T04:01:06+08:00 ] 127.0.0.1 POST shop.com/index/shopcate/getshopcateinfo.html
[运行时间：0.271837s] [吞吐率：3.68req/s] [内存消耗：2,613.77kb] [文件加载：56]
[ info ] [ LANG ] D:\aaaweb\shop\thinkphp\lang\zh-cn.php
[ info ] [ ROUTE ] array (
  'type' => 'module',
  'module' => 
  array (
    0 => 'index',
    1 => 'shopcate',
    2 => 'getshopcateinfo',
  ),
)
[ info ] [ HEADER ] array (
  'connection' => 'close',
  'content-length' => '4',
  'x-requested-with' => 'XMLHttpRequest',
  'content-type' => 'application/x-www-form-urlencoded; charset=UTF-8',
  'referer' => 'http://shop.com/',
  'accept-encoding' => 'gzip, deflate',
  'accept-language' => 'zh-CN,zh;q=0.8,zh-TW;q=0.7,zh-HK;q=0.5,en-US;q=0.3,en;q=0.2',
  'accept' => 'application/json, text/javascript, */*; q=0.01',
  'user-agent' => 'Mozilla/5.0 (Windows NT 10.0; Win64; x64; rv:67.0) Gecko/20100101 Firefox/67.0',
  'host' => 'shop.com',
)
[ info ] [ PARAM ] array (
  '/index/shopcate/getshopcateinfo_html' => '',
  'id' => '2',
)
[ info ] [ DB ] INIT mysql
[ info ] [ RUN ] app\index\controller\Shopcate->getShopcateinfo[ D:\aaaweb\shop\application\index\controller\Shopcate.php ]
[ info ] [ LOG ] INIT File
[ sql ] [ DB ] CONNECT:[ UseTime:0.002467s ] mysql:host=127.0.0.1;dbname=tpshop;charset=utf8
[ sql ] [ SQL ] SHOW COLUMNS FROM `tp_cate` [ RunTime:0.018383s ]
[ sql ] [ SQL ] SELECT * FROM `tp_cate` WHERE  `cate_type` = 3 [ RunTime:0.000862s ]
[ sql ] [ SQL ] SHOW COLUMNS FROM `tp_article` [ RunTime:0.018223s ]
[ sql ] [ SQL ] SELECT * FROM `tp_article` WHERE  `ar_cateid` = 3 [ RunTime:0.000733s ]
[ sql ] [ SQL ] SELECT * FROM `tp_article` WHERE  `ar_cateid` = 4 [ RunTime:0.000732s ]
[ sql ] [ SQL ] SELECT * FROM `tp_article` WHERE  `ar_cateid` = 5 [ RunTime:0.000619s ]
[ sql ] [ SQL ] SELECT * FROM `tp_article` WHERE  `ar_cateid` = 10 [ RunTime:0.000575s ]
[ sql ] [ SQL ] SELECT * FROM `tp_article` WHERE  `ar_cateid` = 11 [ RunTime:0.000548s ]
[ sql ] [ SQL ] SELECT `ar_id`,`ar_url`,`ar_title` FROM `tp_article` WHERE  `ar_cateid` = 24 [ RunTime:0.000638s ]
[ sql ] [ SQL ] SHOW COLUMNS FROM `tp_nav` [ RunTime:0.012767s ]
[ sql ] [ SQL ] SELECT * FROM `tp_nav` [ RunTime:0.000576s ]
[ sql ] [ SQL ] SHOW COLUMNS FROM `tp_conf` [ RunTime:0.021759s ]
[ sql ] [ SQL ] SELECT `conf_ename`,`conf_default` FROM `tp_conf` [ RunTime:0.000530s ]
[ sql ] [ SQL ] SHOW COLUMNS FROM `tp_shopcate` [ RunTime:0.012965s ]
[ sql ] [ SQL ] SELECT * FROM `tp_shopcate` WHERE  `shopcate_pid` = 0 [ RunTime:0.000948s ]
[ sql ] [ SQL ] SELECT * FROM `tp_shopcate` WHERE  `shopcate_pid` = 1 [ RunTime:0.000886s ]
[ sql ] [ SQL ] SELECT * FROM `tp_shopcate` WHERE  `shopcate_pid` = 2 [ RunTime:0.000918s ]
[ sql ] [ SQL ] SELECT * FROM `tp_shopcate` WHERE  `shopcate_pid` = 3 [ RunTime:0.000927s ]
[ sql ] [ SQL ] SELECT * FROM `tp_shopcate` WHERE  `shopcate_pid` = 4 [ RunTime:0.000977s ]
[ sql ] [ SQL ] SELECT * FROM `tp_shopcate` WHERE  `shopcate_pid` = 5 [ RunTime:0.000855s ]
[ sql ] [ SQL ] SELECT * FROM `tp_shopcate` WHERE  `shopcate_pid` = 6 [ RunTime:0.000864s ]
[ sql ] [ SQL ] SELECT * FROM `tp_shopcate` WHERE  `shopcate_pid` = 7 [ RunTime:0.000903s ]
[ sql ] [ SQL ] SELECT * FROM `tp_shopcate` WHERE  `shopcate_pid` = 2 [ RunTime:0.001072s ]
[ sql ] [ SQL ] SELECT * FROM `tp_shopcate` WHERE  `shopcate_pid` = 10 [ RunTime:0.000964s ]
[ sql ] [ SQL ] SELECT * FROM `tp_shopcate` WHERE  `shopcate_pid` = 11 [ RunTime:0.000949s ]
[ sql ] [ SQL ] SELECT * FROM `tp_shopcate` WHERE  `shopcate_pid` = 30 [ RunTime:0.000896s ]
[ sql ] [ SQL ] SELECT * FROM `tp_shopcate` WHERE  `shopcate_pid` = 31 [ RunTime:0.000935s ]
[ sql ] [ SQL ] SELECT * FROM `tp_shopcate` WHERE  `shopcate_pid` = 32 [ RunTime:0.000848s ]
[ sql ] [ SQL ] SELECT * FROM `tp_shopcate` WHERE  `shopcate_pid` = 33 [ RunTime:0.000912s ]
[ sql ] [ SQL ] SELECT * FROM `tp_shopcate` WHERE  `shopcate_pid` = 34 [ RunTime:0.000912s ]
[ sql ] [ SQL ] SHOW COLUMNS FROM `tp_shopcate_words` [ RunTime:0.013202s ]
[ sql ] [ SQL ] SELECT * FROM `tp_shopcate_words` WHERE  `cw_shopcateid` = 2 [ RunTime:0.000760s ]
[ sql ] [ SQL ] SELECT * FROM `tp_shopcate_words` WHERE  `cw_shopcateid` = 2 [ RunTime:0.000777s ]
[ sql ] [ SQL ] SELECT * FROM `tp_shopcate_words` WHERE  `cw_shopcateid` = 13 [ RunTime:0.000944s ]
[ sql ] [ SQL ] SELECT * FROM `tp_shopcate_words` WHERE  `cw_shopcateid` = 14 [ RunTime:0.000887s ]
[ sql ] [ SQL ] SELECT * FROM `tp_shopcate_words` WHERE  `cw_shopcateid` = 15 [ RunTime:0.000875s ]
[ sql ] [ SQL ] SELECT * FROM `tp_shopcate_words` WHERE  `cw_shopcateid` = 16 [ RunTime:0.000882s ]
[ sql ] [ SQL ] SELECT * FROM `tp_shopcate_words` WHERE  `cw_shopcateid` = 17 [ RunTime:0.001016s ]
[ sql ] [ SQL ] SHOW COLUMNS FROM `tp_shopcate_brand` [ RunTime:0.025664s ]
[ sql ] [ SQL ] SELECT * FROM `tp_shopcate_brand` WHERE  `cb_shopcateid` = 2 LIMIT 1 [ RunTime:0.000827s ]
[ sql ] [ SQL ] SHOW COLUMNS FROM `tp_brand` [ RunTime:0.011790s ]
[ sql ] [ SQL ] SELECT * FROM `tp_brand` WHERE  `brand_id` = 21 LIMIT 1 [ RunTime:0.000696s ]
[ sql ] [ SQL ] SELECT * FROM `tp_brand` WHERE  `brand_id` = 22 LIMIT 1 [ RunTime:0.000666s ]
[ sql ] [ SQL ] SELECT * FROM `tp_brand` WHERE  `brand_id` = 23 LIMIT 1 [ RunTime:0.000695s ]
[ sql ] [ SQL ] SELECT * FROM `tp_brand` WHERE  `brand_id` = 24 LIMIT 1 [ RunTime:0.000592s ]
[ sql ] [ SQL ] SELECT * FROM `tp_brand` WHERE  `brand_id` = 25 LIMIT 1 [ RunTime:0.000579s ]
[ sql ] [ SQL ] SELECT * FROM `tp_brand` WHERE  `brand_id` = 26 LIMIT 1 [ RunTime:0.000596s ]
[ sql ] [ SQL ] SELECT * FROM `tp_brand` WHERE  `brand_id` = 27 LIMIT 1 [ RunTime:0.000881s ]
[ sql ] [ SQL ] SELECT * FROM `tp_brand` WHERE  `brand_id` = 28 LIMIT 1 [ RunTime:0.000749s ]
[ sql ] [ SQL ] SELECT * FROM `tp_brand` WHERE  `brand_id` = 29 LIMIT 1 [ RunTime:0.000596s ]
[ sql ] [ SQL ] SELECT * FROM `tp_brand` WHERE  `brand_id` = 30 LIMIT 1 [ RunTime:0.000734s ]
---------------------------------------------------------------
[ 2019-05-26T04:01:06+08:00 ] 127.0.0.1 POST shop.com/index/shopcate/getshopcateinfo.html
[运行时间：0.265206s] [吞吐率：3.77req/s] [内存消耗：2,616.36kb] [文件加载：56]
[ info ] [ LANG ] D:\aaaweb\shop\thinkphp\lang\zh-cn.php
[ info ] [ ROUTE ] array (
  'type' => 'module',
  'module' => 
  array (
    0 => 'index',
    1 => 'shopcate',
    2 => 'getshopcateinfo',
  ),
)
[ info ] [ HEADER ] array (
  'connection' => 'close',
  'content-length' => '4',
  'x-requested-with' => 'XMLHttpRequest',
  'content-type' => 'application/x-www-form-urlencoded; charset=UTF-8',
  'referer' => 'http://shop.com/',
  'accept-encoding' => 'gzip, deflate',
  'accept-language' => 'zh-CN,zh;q=0.8,zh-TW;q=0.7,zh-HK;q=0.5,en-US;q=0.3,en;q=0.2',
  'accept' => 'application/json, text/javascript, */*; q=0.01',
  'user-agent' => 'Mozilla/5.0 (Windows NT 10.0; Win64; x64; rv:67.0) Gecko/20100101 Firefox/67.0',
  'host' => 'shop.com',
)
[ info ] [ PARAM ] array (
  '/index/shopcate/getshopcateinfo_html' => '',
  'id' => '5',
)
[ info ] [ DB ] INIT mysql
[ info ] [ RUN ] app\index\controller\Shopcate->getShopcateinfo[ D:\aaaweb\shop\application\index\controller\Shopcate.php ]
[ info ] [ LOG ] INIT File
[ sql ] [ DB ] CONNECT:[ UseTime:0.010701s ] mysql:host=127.0.0.1;dbname=tpshop;charset=utf8
[ sql ] [ SQL ] SHOW COLUMNS FROM `tp_cate` [ RunTime:0.018124s ]
[ sql ] [ SQL ] SELECT * FROM `tp_cate` WHERE  `cate_type` = 3 [ RunTime:0.000805s ]
[ sql ] [ SQL ] SHOW COLUMNS FROM `tp_article` [ RunTime:0.018135s ]
[ sql ] [ SQL ] SELECT * FROM `tp_article` WHERE  `ar_cateid` = 3 [ RunTime:0.001014s ]
[ sql ] [ SQL ] SELECT * FROM `tp_article` WHERE  `ar_cateid` = 4 [ RunTime:0.000840s ]
[ sql ] [ SQL ] SELECT * FROM `tp_article` WHERE  `ar_cateid` = 5 [ RunTime:0.000845s ]
[ sql ] [ SQL ] SELECT * FROM `tp_article` WHERE  `ar_cateid` = 10 [ RunTime:0.000813s ]
[ sql ] [ SQL ] SELECT * FROM `tp_article` WHERE  `ar_cateid` = 11 [ RunTime:0.000822s ]
[ sql ] [ SQL ] SELECT `ar_id`,`ar_url`,`ar_title` FROM `tp_article` WHERE  `ar_cateid` = 24 [ RunTime:0.000809s ]
[ sql ] [ SQL ] SHOW COLUMNS FROM `tp_nav` [ RunTime:0.012603s ]
[ sql ] [ SQL ] SELECT * FROM `tp_nav` [ RunTime:0.000710s ]
[ sql ] [ SQL ] SHOW COLUMNS FROM `tp_conf` [ RunTime:0.010357s ]
[ sql ] [ SQL ] SELECT `conf_ename`,`conf_default` FROM `tp_conf` [ RunTime:0.000580s ]
[ sql ] [ SQL ] SHOW COLUMNS FROM `tp_shopcate` [ RunTime:0.010788s ]
[ sql ] [ SQL ] SELECT * FROM `tp_shopcate` WHERE  `shopcate_pid` = 0 [ RunTime:0.000808s ]
[ sql ] [ SQL ] SELECT * FROM `tp_shopcate` WHERE  `shopcate_pid` = 1 [ RunTime:0.000745s ]
[ sql ] [ SQL ] SELECT * FROM `tp_shopcate` WHERE  `shopcate_pid` = 2 [ RunTime:0.000730s ]
[ sql ] [ SQL ] SELECT * FROM `tp_shopcate` WHERE  `shopcate_pid` = 3 [ RunTime:0.000726s ]
[ sql ] [ SQL ] SELECT * FROM `tp_shopcate` WHERE  `shopcate_pid` = 4 [ RunTime:0.000729s ]
[ sql ] [ SQL ] SELECT * FROM `tp_shopcate` WHERE  `shopcate_pid` = 5 [ RunTime:0.000791s ]
[ sql ] [ SQL ] SELECT * FROM `tp_shopcate` WHERE  `shopcate_pid` = 6 [ RunTime:0.000846s ]
[ sql ] [ SQL ] SELECT * FROM `tp_shopcate` WHERE  `shopcate_pid` = 7 [ RunTime:0.000788s ]
[ sql ] [ SQL ] SELECT * FROM `tp_shopcate` WHERE  `shopcate_pid` = 5 [ RunTime:0.000745s ]
[ sql ] [ SQL ] SELECT * FROM `tp_shopcate` WHERE  `shopcate_pid` = 16 [ RunTime:0.000782s ]
[ sql ] [ SQL ] SELECT * FROM `tp_shopcate` WHERE  `shopcate_pid` = 17 [ RunTime:0.000787s ]
[ sql ] [ SQL ] SELECT * FROM `tp_shopcate` WHERE  `shopcate_pid` = 62 [ RunTime:0.000772s ]
[ sql ] [ SQL ] SELECT * FROM `tp_shopcate` WHERE  `shopcate_pid` = 63 [ RunTime:0.000762s ]
[ sql ] [ SQL ] SELECT * FROM `tp_shopcate` WHERE  `shopcate_pid` = 64 [ RunTime:0.000746s ]
[ sql ] [ SQL ] SHOW COLUMNS FROM `tp_shopcate_words` [ RunTime:0.010241s ]
[ sql ] [ SQL ] SELECT * FROM `tp_shopcate_words` WHERE  `cw_shopcateid` = 5 [ RunTime:0.000704s ]
[ sql ] [ SQL ] SELECT * FROM `tp_shopcate_words` WHERE  `cw_shopcateid` = 5 [ RunTime:0.000616s ]
[ sql ] [ SQL ] SELECT * FROM `tp_shopcate_words` WHERE  `cw_shopcateid` = 28 [ RunTime:0.000590s ]
[ sql ] [ SQL ] SELECT * FROM `tp_shopcate_words` WHERE  `cw_shopcateid` = 29 [ RunTime:0.000565s ]
[ sql ] [ SQL ] SELECT * FROM `tp_shopcate_words` WHERE  `cw_shopcateid` = 30 [ RunTime:0.000559s ]
[ sql ] [ SQL ] SHOW COLUMNS FROM `tp_shopcate_brand` [ RunTime:0.018786s ]
[ sql ] [ SQL ] SELECT * FROM `tp_shopcate_brand` WHERE  `cb_shopcateid` = 5 LIMIT 1 [ RunTime:0.000882s ]
[ sql ] [ SQL ] SHOW COLUMNS FROM `tp_brand` [ RunTime:0.010657s ]
[ sql ] [ SQL ] SELECT * FROM `tp_brand` WHERE  `brand_id` = 48 LIMIT 1 [ RunTime:0.000668s ]
[ sql ] [ SQL ] SELECT * FROM `tp_brand` WHERE  `brand_id` = 49 LIMIT 1 [ RunTime:0.000657s ]
[ sql ] [ SQL ] SELECT * FROM `tp_brand` WHERE  `brand_id` = 50 LIMIT 1 [ RunTime:0.000592s ]
[ sql ] [ SQL ] SELECT * FROM `tp_brand` WHERE  `brand_id` = 51 LIMIT 1 [ RunTime:0.000588s ]
[ sql ] [ SQL ] SELECT * FROM `tp_brand` WHERE  `brand_id` = 52 LIMIT 1 [ RunTime:0.000597s ]
[ sql ] [ SQL ] SELECT * FROM `tp_brand` WHERE  `brand_id` = 53 LIMIT 1 [ RunTime:0.000586s ]
[ sql ] [ SQL ] SELECT * FROM `tp_brand` WHERE  `brand_id` = 54 LIMIT 1 [ RunTime:0.000598s ]
[ sql ] [ SQL ] SELECT * FROM `tp_brand` WHERE  `brand_id` = 55 LIMIT 1 [ RunTime:0.000578s ]
[ sql ] [ SQL ] SELECT * FROM `tp_brand` WHERE  `brand_id` = 56 LIMIT 1 [ RunTime:0.000577s ]
[ sql ] [ SQL ] SELECT * FROM `tp_brand` WHERE  `brand_id` = 57 LIMIT 1 [ RunTime:0.000616s ]
[ sql ] [ SQL ] SELECT * FROM `tp_brand` WHERE  `brand_id` = 58 LIMIT 1 [ RunTime:0.000649s ]
[ sql ] [ SQL ] SELECT * FROM `tp_brand` WHERE  `brand_id` = 59 LIMIT 1 [ RunTime:0.000692s ]
[ sql ] [ SQL ] SELECT * FROM `tp_brand` WHERE  `brand_id` = 60 LIMIT 1 [ RunTime:0.000590s ]
[ sql ] [ SQL ] SELECT * FROM `tp_brand` WHERE  `brand_id` = 61 LIMIT 1 [ RunTime:0.000584s ]
[ sql ] [ SQL ] SELECT * FROM `tp_brand` WHERE  `brand_id` = 62 LIMIT 1 [ RunTime:0.000696s ]
[ sql ] [ SQL ] SELECT * FROM `tp_brand` WHERE  `brand_id` = 63 LIMIT 1 [ RunTime:0.000640s ]
[ sql ] [ SQL ] SELECT * FROM `tp_brand` WHERE  `brand_id` = 64 LIMIT 1 [ RunTime:0.000607s ]
[ sql ] [ SQL ] SELECT * FROM `tp_brand` WHERE  `brand_id` = 65 LIMIT 1 [ RunTime:0.000593s ]
[ sql ] [ SQL ] SELECT * FROM `tp_brand` WHERE  `brand_id` = 66 LIMIT 1 [ RunTime:0.000731s ]
[ sql ] [ SQL ] SELECT * FROM `tp_brand` WHERE  `brand_id` = 67 LIMIT 1 [ RunTime:0.000618s ]
---------------------------------------------------------------
[ 2019-05-26T04:01:07+08:00 ] 127.0.0.1 POST shop.com/index/shopcate/getshopcateinfo.html
[运行时间：0.234652s] [吞吐率：4.26req/s] [内存消耗：2,612.78kb] [文件加载：56]
[ info ] [ LANG ] D:\aaaweb\shop\thinkphp\lang\zh-cn.php
[ info ] [ ROUTE ] array (
  'type' => 'module',
  'module' => 
  array (
    0 => 'index',
    1 => 'shopcate',
    2 => 'getshopcateinfo',
  ),
)
[ info ] [ HEADER ] array (
  'connection' => 'close',
  'content-length' => '4',
  'x-requested-with' => 'XMLHttpRequest',
  'content-type' => 'application/x-www-form-urlencoded; charset=UTF-8',
  'referer' => 'http://shop.com/',
  'accept-encoding' => 'gzip, deflate',
  'accept-language' => 'zh-CN,zh;q=0.8,zh-TW;q=0.7,zh-HK;q=0.5,en-US;q=0.3,en;q=0.2',
  'accept' => 'application/json, text/javascript, */*; q=0.01',
  'user-agent' => 'Mozilla/5.0 (Windows NT 10.0; Win64; x64; rv:67.0) Gecko/20100101 Firefox/67.0',
  'host' => 'shop.com',
)
[ info ] [ PARAM ] array (
  '/index/shopcate/getshopcateinfo_html' => '',
  'id' => '3',
)
[ info ] [ DB ] INIT mysql
[ info ] [ RUN ] app\index\controller\Shopcate->getShopcateinfo[ D:\aaaweb\shop\application\index\controller\Shopcate.php ]
[ info ] [ LOG ] INIT File
[ sql ] [ DB ] CONNECT:[ UseTime:0.011790s ] mysql:host=127.0.0.1;dbname=tpshop;charset=utf8
[ sql ] [ SQL ] SHOW COLUMNS FROM `tp_cate` [ RunTime:0.011589s ]
[ sql ] [ SQL ] SELECT * FROM `tp_cate` WHERE  `cate_type` = 3 [ RunTime:0.000550s ]
[ sql ] [ SQL ] SHOW COLUMNS FROM `tp_article` [ RunTime:0.012783s ]
[ sql ] [ SQL ] SELECT * FROM `tp_article` WHERE  `ar_cateid` = 3 [ RunTime:0.000612s ]
[ sql ] [ SQL ] SELECT * FROM `tp_article` WHERE  `ar_cateid` = 4 [ RunTime:0.000498s ]
[ sql ] [ SQL ] SELECT * FROM `tp_article` WHERE  `ar_cateid` = 5 [ RunTime:0.000513s ]
[ sql ] [ SQL ] SELECT * FROM `tp_article` WHERE  `ar_cateid` = 10 [ RunTime:0.000494s ]
[ sql ] [ SQL ] SELECT * FROM `tp_article` WHERE  `ar_cateid` = 11 [ RunTime:0.000555s ]
[ sql ] [ SQL ] SELECT `ar_id`,`ar_url`,`ar_title` FROM `tp_article` WHERE  `ar_cateid` = 24 [ RunTime:0.000427s ]
[ sql ] [ SQL ] SHOW COLUMNS FROM `tp_nav` [ RunTime:0.015539s ]
[ sql ] [ SQL ] SELECT * FROM `tp_nav` [ RunTime:0.000488s ]
[ sql ] [ SQL ] SHOW COLUMNS FROM `tp_conf` [ RunTime:0.014435s ]
[ sql ] [ SQL ] SELECT `conf_ename`,`conf_default` FROM `tp_conf` [ RunTime:0.000579s ]
[ sql ] [ SQL ] SHOW COLUMNS FROM `tp_shopcate` [ RunTime:0.011638s ]
[ sql ] [ SQL ] SELECT * FROM `tp_shopcate` WHERE  `shopcate_pid` = 0 [ RunTime:0.000781s ]
[ sql ] [ SQL ] SELECT * FROM `tp_shopcate` WHERE  `shopcate_pid` = 1 [ RunTime:0.000601s ]
[ sql ] [ SQL ] SELECT * FROM `tp_shopcate` WHERE  `shopcate_pid` = 2 [ RunTime:0.000721s ]
[ sql ] [ SQL ] SELECT * FROM `tp_shopcate` WHERE  `shopcate_pid` = 3 [ RunTime:0.000728s ]
[ sql ] [ SQL ] SELECT * FROM `tp_shopcate` WHERE  `shopcate_pid` = 4 [ RunTime:0.000675s ]
[ sql ] [ SQL ] SELECT * FROM `tp_shopcate` WHERE  `shopcate_pid` = 5 [ RunTime:0.000692s ]
[ sql ] [ SQL ] SELECT * FROM `tp_shopcate` WHERE  `shopcate_pid` = 6 [ RunTime:0.000688s ]
[ sql ] [ SQL ] SELECT * FROM `tp_shopcate` WHERE  `shopcate_pid` = 7 [ RunTime:0.000820s ]
[ sql ] [ SQL ] SELECT * FROM `tp_shopcate` WHERE  `shopcate_pid` = 3 [ RunTime:0.001011s ]
[ sql ] [ SQL ] SELECT * FROM `tp_shopcate` WHERE  `shopcate_pid` = 12 [ RunTime:0.000860s ]
[ sql ] [ SQL ] SELECT * FROM `tp_shopcate` WHERE  `shopcate_pid` = 13 [ RunTime:0.000682s ]
[ sql ] [ SQL ] SELECT * FROM `tp_shopcate` WHERE  `shopcate_pid` = 42 [ RunTime:0.000679s ]
[ sql ] [ SQL ] SELECT * FROM `tp_shopcate` WHERE  `shopcate_pid` = 43 [ RunTime:0.000877s ]
[ sql ] [ SQL ] SELECT * FROM `tp_shopcate` WHERE  `shopcate_pid` = 44 [ RunTime:0.000911s ]
[ sql ] [ SQL ] SELECT * FROM `tp_shopcate` WHERE  `shopcate_pid` = 45 [ RunTime:0.000764s ]
[ sql ] [ SQL ] SHOW COLUMNS FROM `tp_shopcate_words` [ RunTime:0.010662s ]
[ sql ] [ SQL ] SELECT * FROM `tp_shopcate_words` WHERE  `cw_shopcateid` = 3 [ RunTime:0.000686s ]
[ sql ] [ SQL ] SELECT * FROM `tp_shopcate_words` WHERE  `cw_shopcateid` = 4 [ RunTime:0.000513s ]
[ sql ] [ SQL ] SELECT * FROM `tp_shopcate_words` WHERE  `cw_shopcateid` = 18 [ RunTime:0.000754s ]
[ sql ] [ SQL ] SELECT * FROM `tp_shopcate_words` WHERE  `cw_shopcateid` = 19 [ RunTime:0.000485s ]
[ sql ] [ SQL ] SELECT * FROM `tp_shopcate_words` WHERE  `cw_shopcateid` = 20 [ RunTime:0.000712s ]
[ sql ] [ SQL ] SELECT * FROM `tp_shopcate_words` WHERE  `cw_shopcateid` = 21 [ RunTime:0.000700s ]
[ sql ] [ SQL ] SELECT * FROM `tp_shopcate_words` WHERE  `cw_shopcateid` = 22 [ RunTime:0.000744s ]
[ sql ] [ SQL ] SHOW COLUMNS FROM `tp_shopcate_brand` [ RunTime:0.015695s ]
[ sql ] [ SQL ] SELECT * FROM `tp_shopcate_brand` WHERE  `cb_shopcateid` = 3 LIMIT 1 [ RunTime:0.000707s ]
[ sql ] [ SQL ] SHOW COLUMNS FROM `tp_brand` [ RunTime:0.018693s ]
[ sql ] [ SQL ] SELECT * FROM `tp_brand` WHERE  `brand_id` = 31 LIMIT 1 [ RunTime:0.000549s ]
[ sql ] [ SQL ] SELECT * FROM `tp_brand` WHERE  `brand_id` = 32 LIMIT 1 [ RunTime:0.000490s ]
[ sql ] [ SQL ] SELECT * FROM `tp_brand` WHERE  `brand_id` = 33 LIMIT 1 [ RunTime:0.000474s ]
[ sql ] [ SQL ] SELECT * FROM `tp_brand` WHERE  `brand_id` = 34 LIMIT 1 [ RunTime:0.000593s ]
[ sql ] [ SQL ] SELECT * FROM `tp_brand` WHERE  `brand_id` = 35 LIMIT 1 [ RunTime:0.000496s ]
[ sql ] [ SQL ] SELECT * FROM `tp_brand` WHERE  `brand_id` = 36 LIMIT 1 [ RunTime:0.000518s ]
[ sql ] [ SQL ] SELECT * FROM `tp_brand` WHERE  `brand_id` = 37 LIMIT 1 [ RunTime:0.000435s ]
[ sql ] [ SQL ] SELECT * FROM `tp_brand` WHERE  `brand_id` = 38 LIMIT 1 [ RunTime:0.000472s ]
[ sql ] [ SQL ] SELECT * FROM `tp_brand` WHERE  `brand_id` = 39 LIMIT 1 [ RunTime:0.000472s ]
---------------------------------------------------------------
[ 2019-05-26T04:01:07+08:00 ] 127.0.0.1 POST shop.com/index/shopcate/getshopcateinfo.html
[运行时间：0.212564s] [吞吐率：4.70req/s] [内存消耗：2,612.43kb] [文件加载：56]
[ info ] [ LANG ] D:\aaaweb\shop\thinkphp\lang\zh-cn.php
[ info ] [ ROUTE ] array (
  'type' => 'module',
  'module' => 
  array (
    0 => 'index',
    1 => 'shopcate',
    2 => 'getshopcateinfo',
  ),
)
[ info ] [ HEADER ] array (
  'connection' => 'close',
  'content-length' => '4',
  'x-requested-with' => 'XMLHttpRequest',
  'content-type' => 'application/x-www-form-urlencoded; charset=UTF-8',
  'referer' => 'http://shop.com/',
  'accept-encoding' => 'gzip, deflate',
  'accept-language' => 'zh-CN,zh;q=0.8,zh-TW;q=0.7,zh-HK;q=0.5,en-US;q=0.3,en;q=0.2',
  'accept' => 'application/json, text/javascript, */*; q=0.01',
  'user-agent' => 'Mozilla/5.0 (Windows NT 10.0; Win64; x64; rv:67.0) Gecko/20100101 Firefox/67.0',
  'host' => 'shop.com',
)
[ info ] [ PARAM ] array (
  '/index/shopcate/getshopcateinfo_html' => '',
  'id' => '4',
)
[ info ] [ DB ] INIT mysql
[ info ] [ RUN ] app\index\controller\Shopcate->getShopcateinfo[ D:\aaaweb\shop\application\index\controller\Shopcate.php ]
[ info ] [ LOG ] INIT File
[ sql ] [ DB ] CONNECT:[ UseTime:0.010599s ] mysql:host=127.0.0.1;dbname=tpshop;charset=utf8
[ sql ] [ SQL ] SHOW COLUMNS FROM `tp_cate` [ RunTime:0.011005s ]
[ sql ] [ SQL ] SELECT * FROM `tp_cate` WHERE  `cate_type` = 3 [ RunTime:0.000654s ]
[ sql ] [ SQL ] SHOW COLUMNS FROM `tp_article` [ RunTime:0.013653s ]
[ sql ] [ SQL ] SELECT * FROM `tp_article` WHERE  `ar_cateid` = 3 [ RunTime:0.000665s ]
[ sql ] [ SQL ] SELECT * FROM `tp_article` WHERE  `ar_cateid` = 4 [ RunTime:0.000623s ]
[ sql ] [ SQL ] SELECT * FROM `tp_article` WHERE  `ar_cateid` = 5 [ RunTime:0.000626s ]
[ sql ] [ SQL ] SELECT * FROM `tp_article` WHERE  `ar_cateid` = 10 [ RunTime:0.000630s ]
[ sql ] [ SQL ] SELECT * FROM `tp_article` WHERE  `ar_cateid` = 11 [ RunTime:0.000542s ]
[ sql ] [ SQL ] SELECT `ar_id`,`ar_url`,`ar_title` FROM `tp_article` WHERE  `ar_cateid` = 24 [ RunTime:0.000496s ]
[ sql ] [ SQL ] SHOW COLUMNS FROM `tp_nav` [ RunTime:0.023044s ]
[ sql ] [ SQL ] SELECT * FROM `tp_nav` [ RunTime:0.000514s ]
[ sql ] [ SQL ] SHOW COLUMNS FROM `tp_conf` [ RunTime:0.010130s ]
[ sql ] [ SQL ] SELECT `conf_ename`,`conf_default` FROM `tp_conf` [ RunTime:0.000435s ]
[ sql ] [ SQL ] SHOW COLUMNS FROM `tp_shopcate` [ RunTime:0.012636s ]
[ sql ] [ SQL ] SELECT * FROM `tp_shopcate` WHERE  `shopcate_pid` = 0 [ RunTime:0.000672s ]
[ sql ] [ SQL ] SELECT * FROM `tp_shopcate` WHERE  `shopcate_pid` = 1 [ RunTime:0.000596s ]
[ sql ] [ SQL ] SELECT * FROM `tp_shopcate` WHERE  `shopcate_pid` = 2 [ RunTime:0.000543s ]
[ sql ] [ SQL ] SELECT * FROM `tp_shopcate` WHERE  `shopcate_pid` = 3 [ RunTime:0.000543s ]
[ sql ] [ SQL ] SELECT * FROM `tp_shopcate` WHERE  `shopcate_pid` = 4 [ RunTime:0.000637s ]
[ sql ] [ SQL ] SELECT * FROM `tp_shopcate` WHERE  `shopcate_pid` = 5 [ RunTime:0.000580s ]
[ sql ] [ SQL ] SELECT * FROM `tp_shopcate` WHERE  `shopcate_pid` = 6 [ RunTime:0.000549s ]
[ sql ] [ SQL ] SELECT * FROM `tp_shopcate` WHERE  `shopcate_pid` = 7 [ RunTime:0.000551s ]
[ sql ] [ SQL ] SELECT * FROM `tp_shopcate` WHERE  `shopcate_pid` = 4 [ RunTime:0.000538s ]
[ sql ] [ SQL ] SELECT * FROM `tp_shopcate` WHERE  `shopcate_pid` = 14 [ RunTime:0.000593s ]
[ sql ] [ SQL ] SELECT * FROM `tp_shopcate` WHERE  `shopcate_pid` = 15 [ RunTime:0.000613s ]
[ sql ] [ SQL ] SELECT * FROM `tp_shopcate` WHERE  `shopcate_pid` = 52 [ RunTime:0.000593s ]
[ sql ] [ SQL ] SELECT * FROM `tp_shopcate` WHERE  `shopcate_pid` = 53 [ RunTime:0.000610s ]
[ sql ] [ SQL ] SELECT * FROM `tp_shopcate` WHERE  `shopcate_pid` = 54 [ RunTime:0.000551s ]
[ sql ] [ SQL ] SELECT * FROM `tp_shopcate` WHERE  `shopcate_pid` = 55 [ RunTime:0.000592s ]
[ sql ] [ SQL ] SHOW COLUMNS FROM `tp_shopcate_words` [ RunTime:0.009930s ]
[ sql ] [ SQL ] SELECT * FROM `tp_shopcate_words` WHERE  `cw_shopcateid` = 4 [ RunTime:0.000486s ]
[ sql ] [ SQL ] SELECT * FROM `tp_shopcate_words` WHERE  `cw_shopcateid` = 3 [ RunTime:0.000503s ]
[ sql ] [ SQL ] SELECT * FROM `tp_shopcate_words` WHERE  `cw_shopcateid` = 23 [ RunTime:0.000447s ]
[ sql ] [ SQL ] SELECT * FROM `tp_shopcate_words` WHERE  `cw_shopcateid` = 24 [ RunTime:0.000450s ]
[ sql ] [ SQL ] SELECT * FROM `tp_shopcate_words` WHERE  `cw_shopcateid` = 25 [ RunTime:0.000409s ]
[ sql ] [ SQL ] SELECT * FROM `tp_shopcate_words` WHERE  `cw_shopcateid` = 26 [ RunTime:0.000390s ]
[ sql ] [ SQL ] SELECT * FROM `tp_shopcate_words` WHERE  `cw_shopcateid` = 27 [ RunTime:0.000471s ]
[ sql ] [ SQL ] SHOW COLUMNS FROM `tp_shopcate_brand` [ RunTime:0.009958s ]
[ sql ] [ SQL ] SELECT * FROM `tp_shopcate_brand` WHERE  `cb_shopcateid` = 4 LIMIT 1 [ RunTime:0.000630s ]
[ sql ] [ SQL ] SHOW COLUMNS FROM `tp_brand` [ RunTime:0.011116s ]
[ sql ] [ SQL ] SELECT * FROM `tp_brand` WHERE  `brand_id` = 40 LIMIT 1 [ RunTime:0.000684s ]
[ sql ] [ SQL ] SELECT * FROM `tp_brand` WHERE  `brand_id` = 41 LIMIT 1 [ RunTime:0.000614s ]
[ sql ] [ SQL ] SELECT * FROM `tp_brand` WHERE  `brand_id` = 42 LIMIT 1 [ RunTime:0.000608s ]
[ sql ] [ SQL ] SELECT * FROM `tp_brand` WHERE  `brand_id` = 43 LIMIT 1 [ RunTime:0.000601s ]
[ sql ] [ SQL ] SELECT * FROM `tp_brand` WHERE  `brand_id` = 44 LIMIT 1 [ RunTime:0.000607s ]
[ sql ] [ SQL ] SELECT * FROM `tp_brand` WHERE  `brand_id` = 45 LIMIT 1 [ RunTime:0.000595s ]
[ sql ] [ SQL ] SELECT * FROM `tp_brand` WHERE  `brand_id` = 46 LIMIT 1 [ RunTime:0.000584s ]
[ sql ] [ SQL ] SELECT * FROM `tp_brand` WHERE  `brand_id` = 47 LIMIT 1 [ RunTime:0.000710s ]
---------------------------------------------------------------
[ 2019-05-26T04:01:09+08:00 ] 127.0.0.1 POST shop.com/index/shopcate/getshopcateinfo.html
[运行时间：0.225080s] [吞吐率：4.44req/s] [内存消耗：2,617.92kb] [文件加载：56]
[ info ] [ LANG ] D:\aaaweb\shop\thinkphp\lang\zh-cn.php
[ info ] [ ROUTE ] array (
  'type' => 'module',
  'module' => 
  array (
    0 => 'index',
    1 => 'shopcate',
    2 => 'getshopcateinfo',
  ),
)
[ info ] [ HEADER ] array (
  'connection' => 'close',
  'content-length' => '4',
  'x-requested-with' => 'XMLHttpRequest',
  'content-type' => 'application/x-www-form-urlencoded; charset=UTF-8',
  'referer' => 'http://shop.com/',
  'accept-encoding' => 'gzip, deflate',
  'accept-language' => 'zh-CN,zh;q=0.8,zh-TW;q=0.7,zh-HK;q=0.5,en-US;q=0.3,en;q=0.2',
  'accept' => 'application/json, text/javascript, */*; q=0.01',
  'user-agent' => 'Mozilla/5.0 (Windows NT 10.0; Win64; x64; rv:67.0) Gecko/20100101 Firefox/67.0',
  'host' => 'shop.com',
)
[ info ] [ PARAM ] array (
  '/index/shopcate/getshopcateinfo_html' => '',
  'id' => '6',
)
[ info ] [ DB ] INIT mysql
[ info ] [ RUN ] app\index\controller\Shopcate->getShopcateinfo[ D:\aaaweb\shop\application\index\controller\Shopcate.php ]
[ info ] [ LOG ] INIT File
[ sql ] [ DB ] CONNECT:[ UseTime:0.002541s ] mysql:host=127.0.0.1;dbname=tpshop;charset=utf8
[ sql ] [ SQL ] SHOW COLUMNS FROM `tp_cate` [ RunTime:0.011391s ]
[ sql ] [ SQL ] SELECT * FROM `tp_cate` WHERE  `cate_type` = 3 [ RunTime:0.000597s ]
[ sql ] [ SQL ] SHOW COLUMNS FROM `tp_article` [ RunTime:0.010853s ]
[ sql ] [ SQL ] SELECT * FROM `tp_article` WHERE  `ar_cateid` = 3 [ RunTime:0.000770s ]
[ sql ] [ SQL ] SELECT * FROM `tp_article` WHERE  `ar_cateid` = 4 [ RunTime:0.000664s ]
[ sql ] [ SQL ] SELECT * FROM `tp_article` WHERE  `ar_cateid` = 5 [ RunTime:0.000668s ]
[ sql ] [ SQL ] SELECT * FROM `tp_article` WHERE  `ar_cateid` = 10 [ RunTime:0.000584s ]
[ sql ] [ SQL ] SELECT * FROM `tp_article` WHERE  `ar_cateid` = 11 [ RunTime:0.000653s ]
[ sql ] [ SQL ] SELECT `ar_id`,`ar_url`,`ar_title` FROM `tp_article` WHERE  `ar_cateid` = 24 [ RunTime:0.000556s ]
[ sql ] [ SQL ] SHOW COLUMNS FROM `tp_nav` [ RunTime:0.010447s ]
[ sql ] [ SQL ] SELECT * FROM `tp_nav` [ RunTime:0.000474s ]
[ sql ] [ SQL ] SHOW COLUMNS FROM `tp_conf` [ RunTime:0.010856s ]
[ sql ] [ SQL ] SELECT `conf_ename`,`conf_default` FROM `tp_conf` [ RunTime:0.000599s ]
[ sql ] [ SQL ] SHOW COLUMNS FROM `tp_shopcate` [ RunTime:0.010426s ]
[ sql ] [ SQL ] SELECT * FROM `tp_shopcate` WHERE  `shopcate_pid` = 0 [ RunTime:0.000670s ]
[ sql ] [ SQL ] SELECT * FROM `tp_shopcate` WHERE  `shopcate_pid` = 1 [ RunTime:0.000664s ]
[ sql ] [ SQL ] SELECT * FROM `tp_shopcate` WHERE  `shopcate_pid` = 2 [ RunTime:0.000661s ]
[ sql ] [ SQL ] SELECT * FROM `tp_shopcate` WHERE  `shopcate_pid` = 3 [ RunTime:0.000762s ]
[ sql ] [ SQL ] SELECT * FROM `tp_shopcate` WHERE  `shopcate_pid` = 4 [ RunTime:0.000790s ]
[ sql ] [ SQL ] SELECT * FROM `tp_shopcate` WHERE  `shopcate_pid` = 5 [ RunTime:0.000660s ]
[ sql ] [ SQL ] SELECT * FROM `tp_shopcate` WHERE  `shopcate_pid` = 6 [ RunTime:0.000661s ]
[ sql ] [ SQL ] SELECT * FROM `tp_shopcate` WHERE  `shopcate_pid` = 7 [ RunTime:0.000758s ]
[ sql ] [ SQL ] SELECT * FROM `tp_shopcate` WHERE  `shopcate_pid` = 6 [ RunTime:0.000660s ]
[ sql ] [ SQL ] SELECT * FROM `tp_shopcate` WHERE  `shopcate_pid` = 18 [ RunTime:0.000636s ]
[ sql ] [ SQL ] SELECT * FROM `tp_shopcate` WHERE  `shopcate_pid` = 19 [ RunTime:0.000674s ]
[ sql ] [ SQL ] SELECT * FROM `tp_shopcate` WHERE  `shopcate_pid` = 70 [ RunTime:0.000774s ]
[ sql ] [ SQL ] SELECT * FROM `tp_shopcate` WHERE  `shopcate_pid` = 71 [ RunTime:0.000688s ]
[ sql ] [ SQL ] SELECT * FROM `tp_shopcate` WHERE  `shopcate_pid` = 72 [ RunTime:0.000811s ]
[ sql ] [ SQL ] SELECT * FROM `tp_shopcate` WHERE  `shopcate_pid` = 73 [ RunTime:0.000635s ]
[ sql ] [ SQL ] SELECT * FROM `tp_shopcate` WHERE  `shopcate_pid` = 74 [ RunTime:0.000660s ]
[ sql ] [ SQL ] SHOW COLUMNS FROM `tp_shopcate_words` [ RunTime:0.011801s ]
[ sql ] [ SQL ] SELECT * FROM `tp_shopcate_words` WHERE  `cw_shopcateid` = 6 [ RunTime:0.000483s ]
[ sql ] [ SQL ] SELECT * FROM `tp_shopcate_words` WHERE  `cw_shopcateid` = 6 [ RunTime:0.000664s ]
[ sql ] [ SQL ] SELECT * FROM `tp_shopcate_words` WHERE  `cw_shopcateid` = 31 [ RunTime:0.000701s ]
[ sql ] [ SQL ] SELECT * FROM `tp_shopcate_words` WHERE  `cw_shopcateid` = 32 [ RunTime:0.000727s ]
[ sql ] [ SQL ] SELECT * FROM `tp_shopcate_words` WHERE  `cw_shopcateid` = 33 [ RunTime:0.000725s ]
[ sql ] [ SQL ] SELECT * FROM `tp_shopcate_words` WHERE  `cw_shopcateid` = 34 [ RunTime:0.000745s ]
[ sql ] [ SQL ] SELECT * FROM `tp_shopcate_words` WHERE  `cw_shopcateid` = 35 [ RunTime:0.000929s ]
[ sql ] [ SQL ] SHOW COLUMNS FROM `tp_shopcate_brand` [ RunTime:0.016846s ]
[ sql ] [ SQL ] SELECT * FROM `tp_shopcate_brand` WHERE  `cb_shopcateid` = 6 LIMIT 1 [ RunTime:0.000593s ]
[ sql ] [ SQL ] SHOW COLUMNS FROM `tp_brand` [ RunTime:0.010134s ]
[ sql ] [ SQL ] SELECT * FROM `tp_brand` WHERE  `brand_id` = 68 LIMIT 1 [ RunTime:0.000481s ]
[ sql ] [ SQL ] SELECT * FROM `tp_brand` WHERE  `brand_id` = 69 LIMIT 1 [ RunTime:0.000459s ]
[ sql ] [ SQL ] SELECT * FROM `tp_brand` WHERE  `brand_id` = 70 LIMIT 1 [ RunTime:0.000441s ]
[ sql ] [ SQL ] SELECT * FROM `tp_brand` WHERE  `brand_id` = 71 LIMIT 1 [ RunTime:0.000430s ]
[ sql ] [ SQL ] SELECT * FROM `tp_brand` WHERE  `brand_id` = 72 LIMIT 1 [ RunTime:0.000589s ]
[ sql ] [ SQL ] SELECT * FROM `tp_brand` WHERE  `brand_id` = 73 LIMIT 1 [ RunTime:0.000697s ]
[ sql ] [ SQL ] SELECT * FROM `tp_brand` WHERE  `brand_id` = 74 LIMIT 1 [ RunTime:0.000801s ]
[ sql ] [ SQL ] SELECT * FROM `tp_brand` WHERE  `brand_id` = 75 LIMIT 1 [ RunTime:0.000696s ]
[ sql ] [ SQL ] SELECT * FROM `tp_brand` WHERE  `brand_id` = 76 LIMIT 1 [ RunTime:0.000930s ]
[ sql ] [ SQL ] SELECT * FROM `tp_brand` WHERE  `brand_id` = 77 LIMIT 1 [ RunTime:0.000859s ]
[ sql ] [ SQL ] SELECT * FROM `tp_brand` WHERE  `brand_id` = 78 LIMIT 1 [ RunTime:0.000807s ]
[ sql ] [ SQL ] SELECT * FROM `tp_brand` WHERE  `brand_id` = 79 LIMIT 1 [ RunTime:0.000680s ]
[ sql ] [ SQL ] SELECT * FROM `tp_brand` WHERE  `brand_id` = 80 LIMIT 1 [ RunTime:0.000596s ]
[ sql ] [ SQL ] SELECT * FROM `tp_brand` WHERE  `brand_id` = 81 LIMIT 1 [ RunTime:0.000686s ]
[ sql ] [ SQL ] SELECT * FROM `tp_brand` WHERE  `brand_id` = 82 LIMIT 1 [ RunTime:0.000685s ]
[ sql ] [ SQL ] SELECT * FROM `tp_brand` WHERE  `brand_id` = 83 LIMIT 1 [ RunTime:0.000678s ]
[ sql ] [ SQL ] SELECT * FROM `tp_brand` WHERE  `brand_id` = 84 LIMIT 1 [ RunTime:0.000685s ]
[ sql ] [ SQL ] SELECT * FROM `tp_brand` WHERE  `brand_id` = 85 LIMIT 1 [ RunTime:0.000716s ]
[ sql ] [ SQL ] SELECT * FROM `tp_brand` WHERE  `brand_id` = 86 LIMIT 1 [ RunTime:0.000705s ]
